-- Disable logging...
-- Set web client to IE8...
-- Enable web client to handle JavaScript...
-- Get data table odds_hil...
-- Get latest row id...
ERROR: No odds_hil.csv file existed yet!
--- Begin get data at 2011-03-23 14:18:44
WARNING: This page is already fetched, skipping...
WARNING: This page is already fetched, skipping...
WARNING: This page is already fetched, skipping...
WARNING: This page is already fetched, skipping...
DONE
1 pages fetched!
4 rows fetched!
-- Get data table odds_had...
-- Get latest row id...
ERROR: No odds_had.csv file existed yet!
--- Begin get data at 2011-03-23 14:20:10
WARNING: This page is already fetched, skipping...
WARNING: This page is already fetched, skipping...
WARNING: This page is already fetched, skipping...
WARNING: This page is already fetched, skipping...
DONE
1 pages fetched!
4 rows fetched!
-- Get data table asianHandicap...
-- Get latest row id...
ERROR: No asianHandicap.csv file existed yet!
--- Begin get data at 2011-03-23 14:20:36
DONE
60 rows fetched!
-- Wait for 5 minutes until next fetch...
-- Get data table odds_hil...
-- Get latest row id...
--- Begin get data at 2011-03-23 14:25:46
WARNING: This page is already fetched, skipping...
WARNING: This page is already fetched, skipping...
WARNING: This page is already fetched, skipping...
WARNING: This page is already fetched, skipping...
DONE
1 pages fetched!
4 rows fetched!
-- Get data table odds_had...
-- Get latest row id...
--- Begin get data at 2011-03-23 14:26:08
WARNING: This page is already fetched, skipping...
WARNING: This page is already fetched, skipping...
WARNING: This page is already fetched, skipping...
WARNING: This page is already fetched, skipping...
DONE
1 pages fetched!
4 rows fetched!
-- Get data table asianHandicap...
-- Get latest row id...
--- Begin get data at 2011-03-23 14:26:45
DONE
60 rows fetched!
-- Wait for 5 minutes until next fetch...
-- Get data table odds_hil...
-- Get latest row id...
--- Begin get data at 2011-03-23 14:31:48
WARNING: This page is already fetched, skipping...
WARNING: This page is already fetched, skipping...
WARNING: This page is already fetched, skipping...
WARNING: This page is already fetched, skipping...
DONE
1 pages fetched!
4 rows fetched!
-- Get data table odds_had...
-- Get latest row id...
--- Begin get data at 2011-03-23 14:32:14
WARNING: This page is already fetched, skipping...
WARNING: This page is already fetched, skipping...
WARNING: This page is already fetched, skipping...
WARNING: This page is already fetched, skipping...
DONE
1 pages fetched!
4 rows fetched!
-- Get data table asianHandicap...
-- Get latest row id...
--- Begin get data at 2011-03-23 14:32:45
DONE
60 rows fetched!
-- Wait for 5 minutes until next fetch...
-- Get data table odds_hil...
-- Get latest row id...
--- Begin get data at 2011-03-23 14:37:49
WARNING: This page is already fetched, skipping...
WARNING: This page is already fetched, skipping...
WARNING: This page is already fetched, skipping...
WARNING: This page is already fetched, skipping...
DONE
1 pages fetched!
4 rows fetched!
-- Get data table odds_had...
-- Get latest row id...
--- Begin get data at 2011-03-23 14:38:21
WARNING: This page is already fetched, skipping...
WARNING: This page is already fetched, skipping...
WARNING: This page is already fetched, skipping...
WARNING: This page is already fetched, skipping...
DONE
1 pages fetched!
4 rows fetched!
-- Get data table asianHandicap...
-- Get latest row id...
--- Begin get data at 2011-03-23 14:38:52
DONE
60 rows fetched!
-- Wait for 5 minutes until next fetch...
-- Get data table odds_hil...
-- Get latest row id...
--- Begin get data at 2011-03-23 14:43:57
WARNING: This page is already fetched, skipping...
WARNING: This page is already fetched, skipping...
WARNING: This page is already fetched, skipping...
WARNING: This page is already fetched, skipping...
DONE
1 pages fetched!
4 rows fetched!
-- Get data table odds_had...
-- Get latest row id...
--- Begin get data at 2011-03-23 14:44:20
WARNING: This page is already fetched, skipping...
WARNING: This page is already fetched, skipping...
WARNING: This page is already fetched, skipping...
WARNING: This page is already fetched, skipping...
DONE
1 pages fetched!
4 rows fetched!
-- Get data table asianHandicap...
-- Get latest row id...
--- Begin get data at 2011-03-23 14:44:56
DONE
60 rows fetched!
-- Wait for 5 minutes until next fetch...
-- Get data table odds_hil...
-- Get latest row id...
--- Begin get data at 2011-03-23 14:50:01
WARNING: This page is already fetched, skipping...
WARNING: This page is already fetched, skipping...
WARNING: This page is already fetched, skipping...
WARNING: This page is already fetched, skipping...
DONE
1 pages fetched!
4 rows fetched!
-- Get data table odds_had...
-- Get latest row id...
--- Begin get data at 2011-03-23 14:50:27
WARNING: This page is already fetched, skipping...
WARNING: This page is already fetched, skipping...
WARNING: This page is already fetched, skipping...
WARNING: This page is already fetched, skipping...
DONE
1 pages fetched!
4 rows fetched!
-- Get data table asianHandicap...
-- Get latest row id...
--- Begin get data at 2011-03-23 14:51:01
DONE
60 rows fetched!
-- Wait for 5 minutes until next fetch...
-- Get data table odds_hil...
-- Get latest row id...
--- Begin get data at 2011-03-23 14:56:04
WARNING: This page is already fetched, skipping...
WARNING: This page is already fetched, skipping...
WARNING: This page is already fetched, skipping...
WARNING: This page is already fetched, skipping...
DONE
1 pages fetched!
4 rows fetched!
-- Get data table odds_had...
-- Get latest row id...
--- Begin get data at 2011-03-23 14:56:38
WARNING: This page is already fetched, skipping...
WARNING: This page is already fetched, skipping...
WARNING: This page is already fetched, skipping...
WARNING: This page is already fetched, skipping...
DONE
1 pages fetched!
4 rows fetched!
-- Get data table asianHandicap...
-- Get latest row id...
--- Begin get data at 2011-03-23 14:57:12
DONE
60 rows fetched!
-- Wait for 5 minutes until next fetch...
-- Get data table odds_hil...
-- Get latest row id...
--- Begin get data at 2011-03-23 15:02:16
WARNING: This page is already fetched, skipping...
WARNING: This page is already fetched, skipping...
WARNING: This page is already fetched, skipping...
WARNING: This page is already fetched, skipping...
DONE
1 pages fetched!
4 rows fetched!
-- Get data table odds_had...
-- Get latest row id...
--- Begin get data at 2011-03-23 15:02:46
WARNING: This page is already fetched, skipping...
WARNING: This page is already fetched, skipping...
